#
# There is insufficient memory for the Java Runtime Environment to continue.
# Native memory allocation (mmap) failed to map 67108864 bytes for G1 virtual space
# Possible reasons:
#   The system is out of physical RAM or swap space
#   The process is running with CompressedOops enabled, and the Java Heap may be blocking the growth of the native heap
# Possible solutions:
#   Reduce memory load on the system
#   Increase physical memory or swap space
#   Check if swap backing store is full
#   Decrease Java heap size (-Xmx/-Xms)
#   Decrease number of Java threads
#   Decrease Java thread stack sizes (-Xss)
#   Set larger code cache with -XX:ReservedCodeCacheSize=
#   JVM is running with Unscaled Compressed Oops mode in which the Java heap is
#     placed in the first 4GB address space. The Java Heap base address is the
#     maximum limit for the native heap growth. Please use -XX:HeapBaseMinAddress
#     to set the Java Heap base and to place the Java Heap above 4GB virtual address.
# This output file may be truncated or incomplete.
#
#  Out of Memory Error (os_windows.cpp:3527), pid=19340, tid=16900
#
# JRE version:  (19.0.1+10) (build )
# Java VM: Java HotSpot(TM) 64-Bit Server VM (19.0.1+10-21, mixed mode, sharing, tiered, compressed oops, compressed class ptrs, g1 gc, windows-amd64)
# No core dump will be written. Minidumps are not enabled by default on client versions of Windows
#

---------------  S U M M A R Y ------------

Command Line: -Xmx64m -Xms64m -Dorg.gradle.appname=gradlew org.gradle.wrapper.GradleWrapperMain app:installDebug -PreactNativeDevServerPort=8081

Host: AMD Ryzen 7 5800H with Radeon Graphics         , 16 cores, 13G,  Windows 11 , 64 bit Build 22621 (10.0.22621.3958)
Time: Sat Nov 16 19:54:35 2024 SE Asia Standard Time elapsed time: 0.013354 seconds (0d 0h 0m 0s)

---------------  T H R E A D  ---------------

Current thread (0x000001ddc0d64f60):  JavaThread "Unknown thread" [_thread_in_vm, id=16900, stack(0x00000048d5f00000,0x00000048d6000000)]

Stack: [0x00000048d5f00000,0x00000048d6000000]
Native frames: (J=compiled Java code, j=interpreted, Vv=VM code, C=native code)
V  [jvm.dll+0x6ee8fa]
V  [jvm.dll+0x857a1e]
V  [jvm.dll+0x85940e]
V  [jvm.dll+0x859ac3]
V  [jvm.dll+0x28291f]
V  [jvm.dll+0x6eb6e9]
V  [jvm.dll+0x6e028a]
V  [jvm.dll+0x357136]
V  [jvm.dll+0x35eb96]
V  [jvm.dll+0x3b555e]
V  [jvm.dll+0x3b578f]
V  [jvm.dll+0x32c6ea]
V  [jvm.dll+0x32d59e]
V  [jvm.dll+0x821b20]
V  [jvm.dll+0x3c27c1]
V  [jvm.dll+0x8022f1]
V  [jvm.dll+0x44b30f]
V  [jvm.dll+0x44cc91]
C  [jli.dll+0x5287]
C  [ucrtbase.dll+0x29333]
C  [KERNEL32.DLL+0x1257d]
C  [ntdll.dll+0x5af08]


---------------  P R O C E S S  ---------------

Threads class SMR info:
_java_thread_list=0x00007ffcfac7d048, length=0, elements={
}

Java Threads: ( => current thread )

Other Threads:
  0x000001ddc0d8c050 WorkerThread "GC Thread#0" [stack: 0x00000048d6000000,0x00000048d6100000] [id=14608]
  0x000001ddc0d8e7c0 ConcurrentGCThread "G1 Main Marker" [stack: 0x00000048d6100000,0x00000048d6200000] [id=1908]
  0x000001ddc0d8f390 WorkerThread "G1 Conc#0" [stack: 0x00000048d6200000,0x00000048d6300000] [id=8336]

[error occurred during error reporting (printing all threads), id 0xc0000005, EXCEPTION_ACCESS_VIOLATION (0xc0000005) at pc=0x00007ffcfa43d127]

VM state: not at safepoint (not fully initialized)

VM Mutex/Monitor currently owned by a thread:  ([mutex/lock_event])
[0x000001ddbeb5cba0] Heap_lock - owner thread: 0x000001ddc0d64f60

Heap address: 0x00000000fc000000, size: 64 MB, Compressed Oops mode: 32-bit

CDS archive(s) mapped at: [0x0000000000000000-0x0000000000000000-0x0000000000000000), size 0, SharedBaseAddress: 0x0000000800000000, ArchiveRelocationMode: 0.
Narrow klass base: 0x0000000000000000, Narrow klass shift: 0, Narrow klass range: 0x0

GC Precious Log:
 CardTable entry size: 512
 Card Set container configuration: InlinePtr #cards 5 size 8 Array Of Cards #cards 12 size 40 Howl #buckets 4 coarsen threshold 1843 Howl Bitmap #cards 512 size 80 coarsen threshold 460 Card regions per heap region 1 cards per card region 2048

Heap:
 garbage-first heap   total 0K, used 0K [0x00000000fc000000, 0x0000000100000000)
  region size 1024K, 0 young (0K), 0 survivors (0K)

[error occurred during error reporting (printing heap information), id 0xc0000005, EXCEPTION_ACCESS_VIOLATION (0xc0000005) at pc=0x00007ffcfa846959]

GC Heap History (0 events):
No events

Dll operation events (1 events):
Event: 0.005 Loaded shared library C:\Program Files\Java\jdk-19\bin\java.dll

Deoptimization events (0 events):
No events

Classes loaded (0 events):
No events

Classes unloaded (0 events):
No events

Classes redefined (0 events):
No events

Internal exceptions (0 events):
No events

VM Operations (0 events):
No events

Events (0 events):
No events


Dynamic libraries:
0x00007ff74f450000 - 0x00007ff74f460000 	C:\Program Files\Java\jdk-19\bin\java.exe
0x00007ffd195f0000 - 0x00007ffd19807000 	C:\WINDOWS\SYSTEM32\ntdll.dll
0x00007ffd17380000 - 0x00007ffd17444000 	C:\WINDOWS\System32\KERNEL32.DLL
0x00007ffd16b40000 - 0x00007ffd16ef7000 	C:\WINDOWS\System32\KERNELBASE.dll
0x00007ffd16f30000 - 0x00007ffd17041000 	C:\WINDOWS\System32\ucrtbase.dll
0x00007ffcd7050000 - 0x00007ffcd706b000 	C:\Program Files\Java\jdk-19\bin\VCRUNTIME140.dll
0x00007ffcd6720000 - 0x00007ffcd6738000 	C:\Program Files\Java\jdk-19\bin\jli.dll
0x00007ffd18b70000 - 0x00007ffd18c22000 	C:\WINDOWS\System32\ADVAPI32.dll
0x00007ffd18510000 - 0x00007ffd185b7000 	C:\WINDOWS\System32\msvcrt.dll
0x00007ffd186a0000 - 0x00007ffd18748000 	C:\WINDOWS\System32\sechost.dll
0x00007ffd16900000 - 0x00007ffd16928000 	C:\WINDOWS\System32\bcrypt.dll
0x00007ffd17b50000 - 0x00007ffd17c64000 	C:\WINDOWS\System32\RPCRT4.dll
0x00007ffd189b0000 - 0x00007ffd18b5f000 	C:\WINDOWS\System32\USER32.dll
0x00007ffd16f00000 - 0x00007ffd16f26000 	C:\WINDOWS\System32\win32u.dll
0x00007ffd04d70000 - 0x00007ffd05003000 	C:\WINDOWS\WinSxS\amd64_microsoft.windows.common-controls_6595b64144ccf1df_6.0.22621.3672_none_2713b9d173822955\COMCTL32.dll
0x00007ffd184e0000 - 0x00007ffd18509000 	C:\WINDOWS\System32\GDI32.dll
0x00007ffd16a20000 - 0x00007ffd16b38000 	C:\WINDOWS\System32\gdi32full.dll
0x00007ffd17280000 - 0x00007ffd1731a000 	C:\WINDOWS\System32\msvcp_win.dll
0x00007ffd0d280000 - 0x00007ffd0d28a000 	C:\WINDOWS\SYSTEM32\VERSION.dll
0x00007ffd17850000 - 0x00007ffd17881000 	C:\WINDOWS\System32\IMM32.DLL
0x00007ffcf2b70000 - 0x00007ffcf2b7c000 	C:\Program Files\Java\jdk-19\bin\vcruntime140_1.dll
0x00007ffca1370000 - 0x00007ffca13fe000 	C:\Program Files\Java\jdk-19\bin\msvcp140.dll
0x00007ffcfa100000 - 0x00007ffcfadc0000 	C:\Program Files\Java\jdk-19\bin\server\jvm.dll
0x00007ffcf8de0000 - 0x00007ffcf8de9000 	C:\WINDOWS\SYSTEM32\WSOCK32.dll
0x00007ffd0e2d0000 - 0x00007ffd0e304000 	C:\WINDOWS\SYSTEM32\WINMM.dll
0x00007ffd18c30000 - 0x00007ffd18ca1000 	C:\WINDOWS\System32\WS2_32.dll
0x00007ffd15950000 - 0x00007ffd15968000 	C:\WINDOWS\SYSTEM32\kernel.appcore.dll
0x00007ffcf7750000 - 0x00007ffcf775a000 	C:\Program Files\Java\jdk-19\bin\jimage.dll
0x00007ffd144e0000 - 0x00007ffd14712000 	C:\WINDOWS\SYSTEM32\DBGHELP.DLL
0x00007ffd174b0000 - 0x00007ffd1783e000 	C:\WINDOWS\System32\combase.dll
0x00007ffd185c0000 - 0x00007ffd18697000 	C:\WINDOWS\System32\OLEAUT32.dll
0x00007ffcf7380000 - 0x00007ffcf73b2000 	C:\WINDOWS\SYSTEM32\dbgcore.DLL
0x00007ffd16930000 - 0x00007ffd169ab000 	C:\WINDOWS\System32\bcryptPrimitives.dll
0x00007ffcf7c70000 - 0x00007ffcf7c96000 	C:\Program Files\Java\jdk-19\bin\java.dll

dbghelp: loaded successfully - version: 4.0.5 - missing functions: none
symbol engine: initialized successfully - sym options: 0x614 - pdb path: .;C:\Program Files\Java\jdk-19\bin;C:\WINDOWS\SYSTEM32;C:\WINDOWS\WinSxS\amd64_microsoft.windows.common-controls_6595b64144ccf1df_6.0.22621.3672_none_2713b9d173822955;C:\Program Files\Java\jdk-19\bin\server

VM Arguments:
jvm_args: -Xmx64m -Xms64m -Dorg.gradle.appname=gradlew 
java_command: org.gradle.wrapper.GradleWrapperMain app:installDebug -PreactNativeDevServerPort=8081
java_class_path (initial): D:\PGPBL 7\AwesomeProject\android\\gradle\wrapper\gradle-wrapper.jar
Launcher Type: SUN_STANDARD

[Global flags]
     intx CICompilerCount                          = 12                                        {product} {ergonomic}
     uint ConcGCThreads                            = 3                                         {product} {ergonomic}
     uint G1ConcRefinementThreads                  = 13                                        {product} {ergonomic}
   size_t G1HeapRegionSize                         = 1048576                                   {product} {ergonomic}
    uintx GCDrainStackTargetSize                   = 64                                        {product} {ergonomic}
   size_t InitialHeapSize                          = 67108864                                  {product} {command line}
   size_t MarkStackSize                            = 4194304                                   {product} {ergonomic}
   size_t MaxHeapSize                              = 67108864                                  {product} {command line}
   size_t MinHeapDeltaBytes                        = 1048576                                   {product} {ergonomic}
   size_t MinHeapSize                              = 67108864                                  {product} {command line}
    uintx NonNMethodCodeHeapSize                   = 7602480                                {pd product} {ergonomic}
    uintx NonProfiledCodeHeapSize                  = 122027880                              {pd product} {ergonomic}
    uintx ProfiledCodeHeapSize                     = 122027880                              {pd product} {ergonomic}
    uintx ReservedCodeCacheSize                    = 251658240                              {pd product} {ergonomic}
     bool SegmentedCodeCache                       = true                                      {product} {ergonomic}
   size_t SoftMaxHeapSize                          = 67108864                               {manageable} {ergonomic}
     bool UseCompressedClassPointers               = true                           {product lp64_product} {ergonomic}
     bool UseCompressedOops                        = true                           {product lp64_product} {ergonomic}
     bool UseG1GC                                  = true                                      {product} {ergonomic}
     bool UseLargePagesIndividualAllocation        = false                                  {pd product} {ergonomic}

Logging:
Log output configuration:
 #0: stdout all=warning uptime,level,tags foldmultilines=false
 #1: stderr all=off uptime,level,tags foldmultilines=false

Environment Variables:
JAVA_HOME=C:\Program Files\Java\jdk-19
CLASSPATH=D:\PGPBL 7\AwesomeProject\android\\gradle\wrapper\gradle-wrapper.jar
PATH=D:\PGPBL 7\AwesomeProject\node_modules\.bin;D:\PGPBL 7\AwesomeProject\node_modules\.bin;D:\PGPBL 7\node_modules\.bin;D:\node_modules\.bin;C:\Users\Lenovo\AppData\Roaming\npm\node_modules\npm\node_modules\@npmcli\run-script\lib\node-gyp-bin;C:\Program Files\NVIDIA GPU Computing Toolkit\CUDA\v12.6\bin;C:\Program Files\NVIDIA GPU Computing Toolkit\CUDA\v12.6\libnvvp;C:\Program Files\Common Files\Oracle\Java\javapath;C:\Program Files (x86)\Common Files\Oracle\Java\javapath;C:\Windows\system32;C:\Windows;C:\Windows\System32\Wbem;C:\Windows\System32\WindowsPowerShell\v1.0\;C:\Windows\System32\OpenSSH\;C:\Program Files (x86)\NVIDIA Corporation\PhysX\Common;C:\Program Files\Microsoft SQL Server\130\Tools\Binn\;C:\Program Files\NVIDIA Corporation\NVIDIA NvDLISR;D:\Git\Git\cmd;C:\Anaconda3;C:\Anaconda3\Scripts;C:\xampp\php;C:\ProgramData\ComposerSetup\bin;C:\Program Files\nodejs\;C:\WINDOWS\system32;C:\WINDOWS;C:\WINDOWS\System32\Wbem;C:\WINDOWS\System32\WindowsPowerShell\v1.0\;C:\WINDOWS\System32\OpenSSH\;C:\Program Files\NVIDIA Corporation\Nsight Compute 2024.3.0\;C:\Users\Lenovo\AppData\Local\Programs\Python\Python311\Scripts\;C:\Users\Lenovo\AppData\Local\Programs\Python\Python311\;C:\Users\Lenovo\AppData\Local\Microsoft\WindowsApps;C:\Users\Lenovo\AppData\Local\Programs\Microsoft VS Code\bin;C:\Python27\ArcGIS10.8\Scripts;C:\Python27\ArcGIS10.8\Lib;C:\Users\Lenovo\AppData\Roaming\Composer\vendor\bin;C:\Users\Lenovo\AppData\Roaming\npm;
USERNAME=Lenovo
LANG=en_US.UTF-8
OS=Windows_NT
PROCESSOR_IDENTIFIER=AMD64 Family 25 Model 80 Stepping 0, AuthenticAMD
TMP=C:\Users\Lenovo\AppData\Local\Temp
TEMP=C:\Users\Lenovo\AppData\Local\Temp



---------------  S Y S T E M  ---------------

OS:
 Windows 11 , 64 bit Build 22621 (10.0.22621.3958)
OS uptime: 2 days 10:33 hours

CPU: total 16 (initial active 16) (16 cores per cpu, 2 threads per core) family 25 model 80 stepping 0 microcode 0x0, cx8, cmov, fxsr, ht, mmx, 3dnowpref, sse, sse2, sse3, ssse3, sse4a, sse4.1, sse4.2, popcnt, lzcnt, tsc, tscinvbit, avx, avx2, aes, erms, clmul, bmi1, bmi2, adx, sha, fma, vzeroupper, clflush, clflushopt, rdtscp, rdpid, fsrm

Memory: 4k page, system-wide physical 14188M (3390M free)
TotalPageFile size 16179M (AvailPageFile size 22M)
current process WorkingSet (physical memory assigned to process): 11M, peak: 11M
current process commit charge ("private bytes"): 70M, peak: 134M

vm_info: Java HotSpot(TM) 64-Bit Server VM (19.0.1+10-21) for windows-amd64 JRE (19.0.1+10-21), built on 2022-09-14T12:45:06Z by "mach5one" with MS VC++ 17.1 (VS2022)

END.
