#
# There is insufficient memory for the Java Runtime Environment to continue.
# Native memory allocation (malloc) failed to allocate 32744 bytes for Chunk::new
# Possible reasons:
#   The system is out of physical RAM or swap space
#   The process is running with CompressedOops enabled, and the Java Heap may be blocking the growth of the native heap
# Possible solutions:
#   Reduce memory load on the system
#   Increase physical memory or swap space
#   Check if swap backing store is full
#   Decrease Java heap size (-Xmx/-Xms)
#   Decrease number of Java threads
#   Decrease Java thread stack sizes (-Xss)
#   Set larger code cache with -XX:ReservedCodeCacheSize=
#   JVM is running with Unscaled Compressed Oops mode in which the Java heap is
#     placed in the first 4GB address space. The Java Heap base address is the
#     maximum limit for the native heap growth. Please use -XX:HeapBaseMinAddress
#     to set the Java Heap base and to place the Java Heap above 4GB virtual address.
# This output file may be truncated or incomplete.
#
#  Out of Memory Error (arena.cpp:184), pid=13308, tid=23388
#
# JRE version: Java(TM) SE Runtime Environment (19.0.1+10) (build 19.0.1+10-21)
# Java VM: Java HotSpot(TM) 64-Bit Server VM (19.0.1+10-21, mixed mode, sharing, tiered, compressed oops, compressed class ptrs, g1 gc, windows-amd64)
# No core dump will be written. Minidumps are not enabled by default on client versions of Windows
#

---------------  S U M M A R Y ------------

Command Line: -Xmx64m -Xms64m -Dorg.gradle.appname=gradlew org.gradle.wrapper.GradleWrapperMain app:installDebug -PreactNativeDevServerPort=8081

Host: AMD Ryzen 7 5800H with Radeon Graphics         , 16 cores, 13G,  Windows 11 , 64 bit Build 22621 (10.0.22621.3958)
Time: Mon Nov  4 10:45:58 2024 SE Asia Standard Time elapsed time: 21.349756 seconds (0d 0h 0m 21s)

---------------  T H R E A D  ---------------

Current thread (0x000002084a2792e0):  JavaThread "C1 CompilerThread0" daemon [_thread_in_native, id=23388, stack(0x000000beeed00000,0x000000beeee00000)]


Current CompileTask:
C1:  21349 1800       3       jdk.internal.org.objectweb.asm.Frame::execute (2305 bytes)

Stack: [0x000000beeed00000,0x000000beeee00000]
Native frames: (J=compiled Java code, j=interpreted, Vv=VM code, C=native code)
V  [jvm.dll+0x6ee8fa]
V  [jvm.dll+0x857a1e]
V  [jvm.dll+0x85940e]
V  [jvm.dll+0x859ac3]
V  [jvm.dll+0x28291f]
V  [jvm.dll+0xc9b5f]
V  [jvm.dll+0xc9ee5]
V  [jvm.dll+0x163620]
V  [jvm.dll+0x18e9c7]
V  [jvm.dll+0x18adfe]
V  [jvm.dll+0x178ab0]
V  [jvm.dll+0x1616b7]
V  [jvm.dll+0x161022]
V  [jvm.dll+0x161278]
V  [jvm.dll+0x1606d6]
V  [jvm.dll+0x1623cd]
V  [jvm.dll+0x25b0fa]
V  [jvm.dll+0x259588]
V  [jvm.dll+0x807928]
V  [jvm.dll+0x8015fa]
V  [jvm.dll+0x6ed5eb]
C  [ucrtbase.dll+0x29333]
C  [KERNEL32.DLL+0x1257d]
C  [ntdll.dll+0x5af08]


---------------  P R O C E S S  ---------------

Threads class SMR info:
_java_thread_list=0x000002084f67cef0, length=18, elements={
0x000002082f945510, 0x000002084a267920, 0x000002084a268710, 0x000002084a26c3c0,
0x000002084a270f90, 0x000002084a2718c0, 0x000002084a272800, 0x000002084a275470,
0x000002084a2792e0, 0x000002084a280070, 0x000002084e5b12c0, 0x000002084e5ae2f0,
0x000002084e5af830, 0x000002084e5b0820, 0x000002084e5adda0, 0x000002084e5ea350,
0x000002084e8c1630, 0x000002084e8c4950
}

Java Threads: ( => current thread )
  0x000002082f945510 JavaThread "main" [_thread_in_native, id=6584, stack(0x000000beedf00000,0x000000beee000000)]
  0x000002084a267920 JavaThread "Reference Handler" daemon [_thread_blocked, id=17620, stack(0x000000beee600000,0x000000beee700000)]
  0x000002084a268710 JavaThread "Finalizer" daemon [_thread_blocked, id=912, stack(0x000000beee700000,0x000000beee800000)]
  0x000002084a26c3c0 JavaThread "Signal Dispatcher" daemon [_thread_blocked, id=12996, stack(0x000000beee800000,0x000000beee900000)]
  0x000002084a270f90 JavaThread "Attach Listener" daemon [_thread_blocked, id=19912, stack(0x000000beee900000,0x000000beeea00000)]
  0x000002084a2718c0 JavaThread "Service Thread" daemon [_thread_blocked, id=23136, stack(0x000000beeea00000,0x000000beeeb00000)]
  0x000002084a272800 JavaThread "Monitor Deflation Thread" daemon [_thread_blocked, id=17316, stack(0x000000beeeb00000,0x000000beeec00000)]
  0x000002084a275470 JavaThread "C2 CompilerThread0" daemon [_thread_blocked, id=7220, stack(0x000000beeec00000,0x000000beeed00000)]
=>0x000002084a2792e0 JavaThread "C1 CompilerThread0" daemon [_thread_in_native, id=23388, stack(0x000000beeed00000,0x000000beeee00000)]
  0x000002084a280070 JavaThread "Sweeper thread" daemon [_thread_blocked, id=2120, stack(0x000000beeee00000,0x000000beeef00000)]
  0x000002084e5b12c0 JavaThread "Notification Thread" daemon [_thread_blocked, id=22684, stack(0x000000beef100000,0x000000beef200000)]
  0x000002084e5ae2f0 JavaThread "Common-Cleaner" daemon [_thread_blocked, id=19908, stack(0x000000beef300000,0x000000beef400000)]
  0x000002084e5af830 JavaThread "pool-1-thread-1" [_thread_blocked, id=19264, stack(0x000000beefb00000,0x000000beefc00000)]
  0x000002084e5b0820 JavaThread "DisconnectableInputStream source reader" daemon [_thread_in_native, id=20520, stack(0x000000bef0100000,0x000000bef0200000)]
  0x000002084e5adda0 JavaThread "Forward input" [_thread_blocked, id=14156, stack(0x000000bef0200000,0x000000bef0300000)]
  0x000002084e5ea350 JavaThread "C1 CompilerThread1" daemon [_thread_in_native, id=19696, stack(0x000000beeef00000,0x000000beef000000)]
  0x000002084e8c1630 JavaThread "C1 CompilerThread2" daemon [_thread_blocked, id=2400, stack(0x000000beef000000,0x000000beef100000)]
  0x000002084e8c4950 JavaThread "C1 CompilerThread3" daemon [_thread_blocked, id=23460, stack(0x000000beef400000,0x000000beef500000)]

Other Threads:
  0x000002084a24b440 VMThread "VM Thread" [stack: 0x000000beee500000,0x000000beee600000] [id=3440]
  0x000002084e5ba590 WatcherThread "VM Periodic Task Thread" [stack: 0x000000beef200000,0x000000beef300000] [id=12552]
  0x000002082f96d950 WorkerThread "GC Thread#0" [stack: 0x000000beee000000,0x000000beee100000] [id=5788]
  0x000002084e75eb20 WorkerThread "GC Thread#1" [stack: 0x000000beef600000,0x000000beef700000] [id=11316]
  0x000002084e75d770 WorkerThread "GC Thread#2" [stack: 0x000000beef700000,0x000000beef800000] [id=21404]
  0x000002084e75e850 WorkerThread "GC Thread#3" [stack: 0x000000beef800000,0x000000beef900000] [id=8416]
  0x000002084e75d1d0 WorkerThread "GC Thread#4" [stack: 0x000000beef900000,0x000000beefa00000] [id=17428]
  0x000002084e75e580 WorkerThread "GC Thread#5" [stack: 0x000000beefd00000,0x000000beefe00000] [id=17348]
  0x000002084e75da40 WorkerThread "GC Thread#6" [stack: 0x000000beefe00000,0x000000beeff00000] [id=22588]
  0x000002084e75dd10 WorkerThread "GC Thread#7" [stack: 0x000000beeff00000,0x000000bef0000000] [id=22488]
  0x000002084e75dfe0 WorkerThread "GC Thread#8" [stack: 0x000000bef0000000,0x000000bef0100000] [id=18292]
  0x000002082f96f0b0 ConcurrentGCThread "G1 Main Marker" [stack: 0x000000beee100000,0x000000beee200000] [id=14888]
  0x000002082f96fc80 WorkerThread "G1 Conc#0" [stack: 0x000000beee200000,0x000000beee300000] [id=17596]
  0x000002082f9ed8d0 ConcurrentGCThread "G1 Refine#0" [stack: 0x000000beee300000,0x000000beee400000] [id=6372]
  0x000002082f9ef330 ConcurrentGCThread "G1 Service" [stack: 0x000000beee400000,0x000000beee500000] [id=9656]

Threads with active compile tasks:
C1 CompilerThread0    21368 1800       3       jdk.internal.org.objectweb.asm.Frame::execute (2305 bytes)
C1 CompilerThread1    21368 1888   !   3       java.io.ObjectInputStream::readSerialData (549 bytes)

VM state: not at safepoint (normal execution)

VM Mutex/Monitor currently owned by a thread: None

Heap address: 0x00000000fc000000, size: 64 MB, Compressed Oops mode: 32-bit

CDS archive(s) mapped at: [0x0000000800000000-0x0000000800c40000-0x0000000800c40000), size 12845056, SharedBaseAddress: 0x0000000800000000, ArchiveRelocationMode: 0.
Compressed class space mapped at: 0x0000000801000000-0x0000000841000000, reserved size: 1073741824
Narrow klass base: 0x0000000800000000, Narrow klass shift: 0, Narrow klass range: 0x100000000

GC Precious Log:
 CardTable entry size: 512
 Card Set container configuration: InlinePtr #cards 5 size 8 Array Of Cards #cards 12 size 40 Howl #buckets 4 coarsen threshold 1843 Howl Bitmap #cards 512 size 80 coarsen threshold 460 Card regions per heap region 1 cards per card region 2048
 CPUs: 16 total, 16 available
 Memory: 14188M
 Large Page Support: Disabled
 NUMA Support: Disabled
 Compressed Oops: Enabled (32-bit)
 Heap Region Size: 1M
 Heap Min Capacity: 64M
 Heap Initial Capacity: 64M
 Heap Max Capacity: 64M
 Pre-touch: Disabled
 Parallel Workers: 13
 Concurrent Workers: 3
 Concurrent Refinement Workers: 13
 Periodic GC: Disabled

Heap:
 garbage-first heap   total 65536K, used 17000K [0x00000000fc000000, 0x0000000100000000)
  region size 1024K, 7 young (7168K), 2 survivors (2048K)
 Metaspace       used 10575K, committed 10880K, reserved 1114112K
  class space    used 1345K, committed 1472K, reserved 1048576K

Heap Regions: E=young(eden), S=young(survivor), O=old, HS=humongous(starts), HC=humongous(continues), CS=collection set, F=free, OA=open archive, CA=closed archive, TAMS=top-at-mark-start (previous, next)
|   0|0x00000000fc000000, 0x00000000fc100000, 0x00000000fc100000|100%|HS|  |TAMS 0x00000000fc000000, 0x00000000fc000000| Complete 
|   1|0x00000000fc100000, 0x00000000fc200000, 0x00000000fc200000|100%|HC|  |TAMS 0x00000000fc100000, 0x00000000fc100000| Complete 
|   2|0x00000000fc200000, 0x00000000fc300000, 0x00000000fc300000|100%|HC|  |TAMS 0x00000000fc200000, 0x00000000fc200000| Complete 
|   3|0x00000000fc300000, 0x00000000fc400000, 0x00000000fc400000|100%|HC|  |TAMS 0x00000000fc300000, 0x00000000fc300000| Complete 
|   4|0x00000000fc400000, 0x00000000fc500000, 0x00000000fc500000|100%| O|  |TAMS 0x00000000fc400000, 0x00000000fc400000| Untracked 
|   5|0x00000000fc500000, 0x00000000fc600000, 0x00000000fc600000|100%| O|  |TAMS 0x00000000fc500000, 0x00000000fc500000| Untracked 
|   6|0x00000000fc600000, 0x00000000fc700000, 0x00000000fc700000|100%| O|  |TAMS 0x00000000fc600000, 0x00000000fc600000| Untracked 
|   7|0x00000000fc700000, 0x00000000fc800000, 0x00000000fc800000|100%| O|  |TAMS 0x00000000fc700000, 0x00000000fc700000| Untracked 
|   8|0x00000000fc800000, 0x00000000fc900000, 0x00000000fc900000|100%| O|  |TAMS 0x00000000fc800000, 0x00000000fc800000| Untracked 
|   9|0x00000000fc900000, 0x00000000fca00000, 0x00000000fca00000|100%| O|  |TAMS 0x00000000fc900000, 0x00000000fc900000| Untracked 
|  10|0x00000000fca00000, 0x00000000fcabf400, 0x00000000fcb00000| 74%| O|  |TAMS 0x00000000fca00000, 0x00000000fca00000| Untracked 
|  11|0x00000000fcb00000, 0x00000000fcb00000, 0x00000000fcc00000|  0%| F|  |TAMS 0x00000000fcb00000, 0x00000000fcb00000| Untracked 
|  12|0x00000000fcc00000, 0x00000000fcc00000, 0x00000000fcd00000|  0%| F|  |TAMS 0x00000000fcc00000, 0x00000000fcc00000| Untracked 
|  13|0x00000000fcd00000, 0x00000000fcd00000, 0x00000000fce00000|  0%| F|  |TAMS 0x00000000fcd00000, 0x00000000fcd00000| Untracked 
|  14|0x00000000fce00000, 0x00000000fce00000, 0x00000000fcf00000|  0%| F|  |TAMS 0x00000000fce00000, 0x00000000fce00000| Untracked 
|  15|0x00000000fcf00000, 0x00000000fcf00000, 0x00000000fd000000|  0%| F|  |TAMS 0x00000000fcf00000, 0x00000000fcf00000| Untracked 
|  16|0x00000000fd000000, 0x00000000fd000000, 0x00000000fd100000|  0%| F|  |TAMS 0x00000000fd000000, 0x00000000fd000000| Untracked 
|  17|0x00000000fd100000, 0x00000000fd100000, 0x00000000fd200000|  0%| F|  |TAMS 0x00000000fd100000, 0x00000000fd100000| Untracked 
|  18|0x00000000fd200000, 0x00000000fd200000, 0x00000000fd300000|  0%| F|  |TAMS 0x00000000fd200000, 0x00000000fd200000| Untracked 
|  19|0x00000000fd300000, 0x00000000fd300000, 0x00000000fd400000|  0%| F|  |TAMS 0x00000000fd300000, 0x00000000fd300000| Untracked 
|  20|0x00000000fd400000, 0x00000000fd400000, 0x00000000fd500000|  0%| F|  |TAMS 0x00000000fd400000, 0x00000000fd400000| Untracked 
|  21|0x00000000fd500000, 0x00000000fd500000, 0x00000000fd600000|  0%| F|  |TAMS 0x00000000fd500000, 0x00000000fd500000| Untracked 
|  22|0x00000000fd600000, 0x00000000fd600000, 0x00000000fd700000|  0%| F|  |TAMS 0x00000000fd600000, 0x00000000fd600000| Untracked 
|  23|0x00000000fd700000, 0x00000000fd700000, 0x00000000fd800000|  0%| F|  |TAMS 0x00000000fd700000, 0x00000000fd700000| Untracked 
|  24|0x00000000fd800000, 0x00000000fd800000, 0x00000000fd900000|  0%| F|  |TAMS 0x00000000fd800000, 0x00000000fd800000| Untracked 
|  25|0x00000000fd900000, 0x00000000fd900000, 0x00000000fda00000|  0%| F|  |TAMS 0x00000000fd900000, 0x00000000fd900000| Untracked 
|  26|0x00000000fda00000, 0x00000000fda00000, 0x00000000fdb00000|  0%| F|  |TAMS 0x00000000fda00000, 0x00000000fda00000| Untracked 
|  27|0x00000000fdb00000, 0x00000000fdb00000, 0x00000000fdc00000|  0%| F|  |TAMS 0x00000000fdb00000, 0x00000000fdb00000| Untracked 
|  28|0x00000000fdc00000, 0x00000000fdc00000, 0x00000000fdd00000|  0%| F|  |TAMS 0x00000000fdc00000, 0x00000000fdc00000| Untracked 
|  29|0x00000000fdd00000, 0x00000000fdd00000, 0x00000000fde00000|  0%| F|  |TAMS 0x00000000fdd00000, 0x00000000fdd00000| Untracked 
|  30|0x00000000fde00000, 0x00000000fde00000, 0x00000000fdf00000|  0%| F|  |TAMS 0x00000000fde00000, 0x00000000fde00000| Untracked 
|  31|0x00000000fdf00000, 0x00000000fdf00000, 0x00000000fe000000|  0%| F|  |TAMS 0x00000000fdf00000, 0x00000000fdf00000| Untracked 
|  32|0x00000000fe000000, 0x00000000fe000000, 0x00000000fe100000|  0%| F|  |TAMS 0x00000000fe000000, 0x00000000fe000000| Untracked 
|  33|0x00000000fe100000, 0x00000000fe100000, 0x00000000fe200000|  0%| F|  |TAMS 0x00000000fe100000, 0x00000000fe100000| Untracked 
|  34|0x00000000fe200000, 0x00000000fe200000, 0x00000000fe300000|  0%| F|  |TAMS 0x00000000fe200000, 0x00000000fe200000| Untracked 
|  35|0x00000000fe300000, 0x00000000fe300000, 0x00000000fe400000|  0%| F|  |TAMS 0x00000000fe300000, 0x00000000fe300000| Untracked 
|  36|0x00000000fe400000, 0x00000000fe400000, 0x00000000fe500000|  0%| F|  |TAMS 0x00000000fe400000, 0x00000000fe400000| Untracked 
|  37|0x00000000fe500000, 0x00000000fe5dad00, 0x00000000fe600000| 85%| S|CS|TAMS 0x00000000fe500000, 0x00000000fe500000| Complete 
|  38|0x00000000fe600000, 0x00000000fe600000, 0x00000000fe700000|  0%| F|  |TAMS 0x00000000fe600000, 0x00000000fe600000| Untracked 
|  39|0x00000000fe700000, 0x00000000fe700000, 0x00000000fe800000|  0%| F|  |TAMS 0x00000000fe700000, 0x00000000fe700000| Untracked 
|  40|0x00000000fe800000, 0x00000000fe800000, 0x00000000fe900000|  0%| F|  |TAMS 0x00000000fe800000, 0x00000000fe800000| Untracked 
|  41|0x00000000fe900000, 0x00000000fea00000, 0x00000000fea00000|100%| S|CS|TAMS 0x00000000fe900000, 0x00000000fe900000| Complete 
|  42|0x00000000fea00000, 0x00000000fea00000, 0x00000000feb00000|  0%| F|  |TAMS 0x00000000fea00000, 0x00000000fea00000| Untracked 
|  43|0x00000000feb00000, 0x00000000feb00000, 0x00000000fec00000|  0%| F|  |TAMS 0x00000000feb00000, 0x00000000feb00000| Untracked 
|  44|0x00000000fec00000, 0x00000000fec00000, 0x00000000fed00000|  0%| F|  |TAMS 0x00000000fec00000, 0x00000000fec00000| Untracked 
|  45|0x00000000fed00000, 0x00000000fed00000, 0x00000000fee00000|  0%| F|  |TAMS 0x00000000fed00000, 0x00000000fed00000| Untracked 
|  46|0x00000000fee00000, 0x00000000fee00000, 0x00000000fef00000|  0%| F|  |TAMS 0x00000000fee00000, 0x00000000fee00000| Untracked 
|  47|0x00000000fef00000, 0x00000000fef00000, 0x00000000ff000000|  0%| F|  |TAMS 0x00000000fef00000, 0x00000000fef00000| Untracked 
|  48|0x00000000ff000000, 0x00000000ff000000, 0x00000000ff100000|  0%| F|  |TAMS 0x00000000ff000000, 0x00000000ff000000| Untracked 
|  49|0x00000000ff100000, 0x00000000ff100000, 0x00000000ff200000|  0%| F|  |TAMS 0x00000000ff100000, 0x00000000ff100000| Untracked 
|  50|0x00000000ff200000, 0x00000000ff200000, 0x00000000ff300000|  0%| F|  |TAMS 0x00000000ff200000, 0x00000000ff200000| Untracked 
|  51|0x00000000ff300000, 0x00000000ff300000, 0x00000000ff400000|  0%| F|  |TAMS 0x00000000ff300000, 0x00000000ff300000| Untracked 
|  52|0x00000000ff400000, 0x00000000ff400000, 0x00000000ff500000|  0%| F|  |TAMS 0x00000000ff400000, 0x00000000ff400000| Untracked 
|  53|0x00000000ff500000, 0x00000000ff500000, 0x00000000ff600000|  0%| F|  |TAMS 0x00000000ff500000, 0x00000000ff500000| Untracked 
|  54|0x00000000ff600000, 0x00000000ff600000, 0x00000000ff700000|  0%| F|  |TAMS 0x00000000ff600000, 0x00000000ff600000| Untracked 
|  55|0x00000000ff700000, 0x00000000ff700000, 0x00000000ff800000|  0%| F|  |TAMS 0x00000000ff700000, 0x00000000ff700000| Untracked 
|  56|0x00000000ff800000, 0x00000000ff800000, 0x00000000ff900000|  0%| F|  |TAMS 0x00000000ff800000, 0x00000000ff800000| Untracked 
|  57|0x00000000ff900000, 0x00000000ff900000, 0x00000000ffa00000|  0%| F|  |TAMS 0x00000000ff900000, 0x00000000ff900000| Untracked 
|  58|0x00000000ffa00000, 0x00000000ffa00000, 0x00000000ffb00000|  0%| F|  |TAMS 0x00000000ffa00000, 0x00000000ffa00000| Untracked 
|  59|0x00000000ffb00000, 0x00000000ffbe5e50, 0x00000000ffc00000| 89%| E|  |TAMS 0x00000000ffb00000, 0x00000000ffb00000| Complete 
|  60|0x00000000ffc00000, 0x00000000ffd00000, 0x00000000ffd00000|100%| E|CS|TAMS 0x00000000ffc00000, 0x00000000ffc00000| Complete 
|  61|0x00000000ffd00000, 0x00000000ffe00000, 0x00000000ffe00000|100%| E|CS|TAMS 0x00000000ffd00000, 0x00000000ffd00000| Complete 
|  62|0x00000000ffe00000, 0x00000000fff00000, 0x00000000fff00000|100%| E|CS|TAMS 0x00000000ffe00000, 0x00000000ffe00000| Complete 
|  63|0x00000000fff00000, 0x0000000100000000, 0x0000000100000000|100%| E|CS|TAMS 0x00000000fff00000, 0x00000000fff00000| Complete 

Card table byte_map: [0x000002082d8c0000,0x000002082d8e0000] _byte_map_base: 0x000002082d0e0000

Marking Bits (Prev, Next): (CMBitMap*) 0x000002082f96df80, (CMBitMap*) 0x000002082f96dfc0
 Prev Bits: [0x0000020847140000, 0x0000020847240000)
 Next Bits: [0x0000020847240000, 0x0000020847340000)

Polling page: 0x000002082d630000

Metaspace:

Usage:
  Non-class:      9.01 MB used.
      Class:      1.31 MB used.
       Both:     10.33 MB used.

Virtual space:
  Non-class space:       64.00 MB reserved,       9.19 MB ( 14%) committed,  1 nodes.
      Class space:        1.00 GB reserved,       1.44 MB ( <1%) committed,  1 nodes.
             Both:        1.06 GB reserved,      10.62 MB ( <1%) committed. 

Chunk freelists:
   Non-Class:  2.05 MB
       Class:  2.44 MB
        Both:  4.49 MB

MaxMetaspaceSize: unlimited
CompressedClassSpaceSize: 1.00 GB
Initial GC threshold: 21.00 MB
Current GC threshold: 21.00 MB
CDS: on
MetaspaceReclaimPolicy: balanced
 - commit_granule_bytes: 65536.
 - commit_granule_words: 8192.
 - virtual_space_node_default_size: 8388608.
 - enlarge_chunks_in_place: 1.
 - new_chunks_are_fully_committed: 0.
 - uncommit_free_chunks: 1.
 - use_allocation_guard: 0.


Internal statistics:

num_allocs_failed_limit: 0.
num_arena_births: 266.
num_arena_deaths: 0.
num_vsnodes_births: 2.
num_vsnodes_deaths: 0.
num_space_committed: 170.
num_space_uncommitted: 0.
num_chunks_returned_to_freelist: 0.
num_chunks_taken_from_freelist: 587.
num_chunk_merges: 0.
num_chunk_splits: 362.
num_chunks_enlarged: 258.
num_inconsistent_stats: 0.

CodeHeap 'non-profiled nmethods': size=119168Kb used=667Kb max_used=667Kb free=118500Kb
 bounds [0x000002083f440000, 0x000002083f6b0000, 0x00000208468a0000]
CodeHeap 'profiled nmethods': size=119104Kb used=3769Kb max_used=3769Kb free=115334Kb
 bounds [0x00000208378a0000, 0x0000020837c50000, 0x000002083ecf0000]
CodeHeap 'non-nmethods': size=7488Kb used=2964Kb max_used=2978Kb free=4523Kb
 bounds [0x000002083ecf0000, 0x000002083efe0000, 0x000002083f440000]
 total_blobs=2406 nmethods=1911 adapters=402
 compilation: enabled
              stopped_count=0, restarted_count=0
 full_count=0

Compilation events (20 events):
Event: 20.729 Thread 0x000002084a2792e0 nmethod 1787 0x0000020837c0d110 code [0x0000020837c0d2e0, 0x0000020837c0d678]
Event: 20.729 Thread 0x000002084a2792e0 1788       3       org.gradle.internal.logging.console.DefaultAnsiExecutor::access$500 (7 bytes)
Event: 20.729 Thread 0x000002084a2792e0 nmethod 1788 0x0000020837c0d810 code [0x0000020837c0d9c0, 0x0000020837c0dae8]
Event: 21.334 Thread 0x000002084a2792e0 1790       3       org.gradle.internal.logging.text.AbstractLineChoppingStyledTextOutput$StateContext::hasChar (25 bytes)
Event: 21.335 Thread 0x000002084a2792e0 nmethod 1790 0x0000020837c0dc10 code [0x0000020837c0ddc0, 0x0000020837c0df58]
Event: 21.335 Thread 0x000002084a2792e0 1791       3       org.gradle.internal.logging.text.AbstractLineChoppingStyledTextOutput$StateContext::setState (10 bytes)
Event: 21.335 Thread 0x000002084a2792e0 nmethod 1791 0x0000020837c0e010 code [0x0000020837c0e1c0, 0x0000020837c0e378]
Event: 21.335 Thread 0x000002084a2792e0 1792       3       org.gradle.internal.logging.text.AbstractLineChoppingStyledTextOutput::access$402 (7 bytes)
Event: 21.335 Thread 0x000002084a2792e0 nmethod 1792 0x0000020837c0e490 code [0x0000020837c0e620, 0x0000020837c0e758]
Event: 21.335 Thread 0x000002084a2792e0 1793       3       org.gradle.internal.logging.text.AbstractLineChoppingStyledTextOutput$1::execute (9 bytes)
Event: 21.335 Thread 0x000002084a2792e0 nmethod 1793 0x0000020837c0e810 code [0x0000020837c0e9c0, 0x0000020837c0ec08]
Event: 21.335 Thread 0x000002084a2792e0 1794       3       org.gradle.internal.logging.text.AbstractLineChoppingStyledTextOutput$1::execute (140 bytes)
Event: 21.336 Thread 0x000002084a2792e0 nmethod 1794 0x0000020837c0ed10 code [0x0000020837c0f040, 0x0000020837c10138]
Event: 21.336 Thread 0x000002084a2792e0 1795       3       org.gradle.internal.logging.text.AbstractLineChoppingStyledTextOutput$SeenFromEol::all (18 bytes)
Event: 21.336 Thread 0x000002084a2792e0 nmethod 1795 0x0000020837c10810 code [0x0000020837c109a0, 0x0000020837c10b18]
Event: 21.336 Thread 0x000002084a2792e0 1796       3       org.gradle.internal.logging.text.AbstractLineChoppingStyledTextOutput$SeenFromEol::none (13 bytes)
Event: 21.336 Thread 0x000002084a2792e0 nmethod 1796 0x0000020837c10c10 code [0x0000020837c10da0, 0x0000020837c10f18]
Event: 21.336 Thread 0x000002084a2792e0 1797       3       org.gradle.internal.logging.text.AbstractLineChoppingStyledTextOutput::access$800 (4 bytes)
Event: 21.336 Thread 0x000002084a2792e0 nmethod 1797 0x0000020837c10f90 code [0x0000020837c11120, 0x0000020837c11218]
Event: 21.346 Thread 0x000002084a2792e0 1800       3       jdk.internal.org.objectweb.asm.Frame::execute (2305 bytes)

GC Heap History (4 events):
Event: 0.328 GC heap before
{Heap before GC invocations=0 (full 0):
 garbage-first heap   total 65536K, used 26624K [0x00000000fc000000, 0x0000000100000000)
  region size 1024K, 23 young (23552K), 0 survivors (0K)
 Metaspace       used 2866K, committed 3072K, reserved 1114112K
  class space    used 299K, committed 384K, reserved 1048576K
}
Event: 0.332 GC heap after
{Heap after GC invocations=1 (full 0):
 garbage-first heap   total 65536K, used 10604K [0x00000000fc000000, 0x0000000100000000)
  region size 1024K, 3 young (3072K), 3 survivors (3072K)
 Metaspace       used 2866K, committed 3072K, reserved 1114112K
  class space    used 299K, committed 384K, reserved 1048576K
}
Event: 0.703 GC heap before
{Heap before GC invocations=1 (full 0):
 garbage-first heap   total 65536K, used 33132K [0x00000000fc000000, 0x0000000100000000)
  region size 1024K, 25 young (25600K), 3 survivors (3072K)
 Metaspace       used 9332K, committed 9600K, reserved 1114112K
  class space    used 1226K, committed 1344K, reserved 1048576K
}
Event: 0.705 GC heap after
{Heap after GC invocations=2 (full 0):
 garbage-first heap   total 65536K, used 12904K [0x00000000fc000000, 0x0000000100000000)
  region size 1024K, 2 young (2048K), 2 survivors (2048K)
 Metaspace       used 9332K, committed 9600K, reserved 1114112K
  class space    used 1226K, committed 1344K, reserved 1048576K
}

Dll operation events (13 events):
Event: 0.004 Loaded shared library C:\Program Files\Java\jdk-19\bin\java.dll
Event: 0.010 Loaded shared library C:\Program Files\Java\jdk-19\bin\jsvml.dll
Event: 0.031 Loaded shared library C:\Program Files\Java\jdk-19\bin\net.dll
Event: 0.032 Loaded shared library C:\Program Files\Java\jdk-19\bin\nio.dll
Event: 0.033 Loaded shared library C:\Program Files\Java\jdk-19\bin\zip.dll
Event: 0.035 Loaded shared library C:\Program Files\Java\jdk-19\bin\verify.dll
Event: 0.223 Loaded shared library C:\Program Files\Java\jdk-19\bin\jimage.dll
Event: 0.404 Loaded shared library C:\Users\Lenovo\.gradle\native\c067742578af261105cb4f569cf0c3c89f3d7b1fecec35dd04571415982c5e48\windows-amd64\native-platform.dll
Event: 0.416 Loaded shared library C:\Users\Lenovo\.gradle\native\jansi\1.18\windows64\jansi.dll
Event: 0.499 Loaded shared library C:\Program Files\Java\jdk-19\bin\management.dll
Event: 0.500 Loaded shared library C:\Program Files\Java\jdk-19\bin\management_ext.dll
Event: 0.657 Loaded shared library C:\Program Files\Java\jdk-19\bin\extnet.dll
Event: 0.678 Loaded shared library C:\Program Files\Java\jdk-19\bin\sunmscapi.dll

Deoptimization events (20 events):
Event: 0.684 Thread 0x000002082f945510 Uncommon trap: trap_request=0xffffffde fr.pc=0x000002083f4b3e44 relative=0x0000000000000824
Event: 0.684 Thread 0x000002082f945510 Uncommon trap: reason=class_check action=maybe_recompile pc=0x000002083f4b3e44 method=java.util.HashMap.putVal(ILjava/lang/Object;Ljava/lang/Object;ZZ)Ljava/lang/Object; @ 203 c2
Event: 0.684 Thread 0x000002082f945510 DEOPT PACKING pc=0x000002083f4b3e44 sp=0x000000beedffb450
Event: 0.684 Thread 0x000002082f945510 DEOPT UNPACKING pc=0x000002083ed56da3 sp=0x000000beedffb3e0 mode 2
Event: 0.695 Thread 0x000002082f945510 Uncommon trap: trap_request=0xffffff45 fr.pc=0x000002083f4b14d8 relative=0x0000000000000518
Event: 0.695 Thread 0x000002082f945510 Uncommon trap: reason=unstable_if action=reinterpret pc=0x000002083f4b14d8 method=java.lang.Integer.getChars(II[B)I @ 25 c2
Event: 0.695 Thread 0x000002082f945510 DEOPT PACKING pc=0x000002083f4b14d8 sp=0x000000beedffd620
Event: 0.695 Thread 0x000002082f945510 DEOPT UNPACKING pc=0x000002083ed56da3 sp=0x000000beedffd558 mode 2
Event: 0.888 Thread 0x000002082f945510 Uncommon trap: trap_request=0xffffffc6 fr.pc=0x000002083f4a8c9c relative=0x00000000000002dc
Event: 0.888 Thread 0x000002082f945510 Uncommon trap: reason=bimorphic_or_optimized_type_check action=maybe_recompile pc=0x000002083f4a8c9c method=java.util.concurrent.ConcurrentHashMap.get(Ljava/lang/Object;)Ljava/lang/Object; @ 149 c2
Event: 0.888 Thread 0x000002082f945510 DEOPT PACKING pc=0x000002083f4a8c9c sp=0x000000beedffdd50
Event: 0.888 Thread 0x000002082f945510 DEOPT UNPACKING pc=0x000002083ed56da3 sp=0x000000beedffdcc0 mode 2
Event: 0.888 Thread 0x000002082f945510 Uncommon trap: trap_request=0xffffffc6 fr.pc=0x000002083f4a8c9c relative=0x00000000000002dc
Event: 0.888 Thread 0x000002082f945510 Uncommon trap: reason=bimorphic_or_optimized_type_check action=maybe_recompile pc=0x000002083f4a8c9c method=java.util.concurrent.ConcurrentHashMap.get(Ljava/lang/Object;)Ljava/lang/Object; @ 149 c2
Event: 0.888 Thread 0x000002082f945510 DEOPT PACKING pc=0x000002083f4a8c9c sp=0x000000beedffdd50
Event: 0.888 Thread 0x000002082f945510 DEOPT UNPACKING pc=0x000002083ed56da3 sp=0x000000beedffdcc0 mode 2
Event: 21.346 Thread 0x000002082f945510 Uncommon trap: trap_request=0xffffff45 fr.pc=0x000002083f4bb80c relative=0x000000000000068c
Event: 21.346 Thread 0x000002082f945510 Uncommon trap: reason=unstable_if action=reinterpret pc=0x000002083f4bb80c method=jdk.internal.org.objectweb.asm.Frame.execute(IILjdk/internal/org/objectweb/asm/Symbol;Ljdk/internal/org/objectweb/asm/SymbolTable;)V @ 1 c2
Event: 21.346 Thread 0x000002082f945510 DEOPT PACKING pc=0x000002083f4bb80c sp=0x000000beedffb590
Event: 21.346 Thread 0x000002082f945510 DEOPT UNPACKING pc=0x000002083ed56da3 sp=0x000000beedffb518 mode 2

Classes loaded (20 events):
Event: 21.347 Loading class jdk/internal/reflect/ByteVectorFactory
Event: 21.347 Loading class jdk/internal/reflect/ByteVectorFactory done
Event: 21.347 Loading class jdk/internal/reflect/ByteVectorImpl
Event: 21.347 Loading class jdk/internal/reflect/ByteVector
Event: 21.347 Loading class jdk/internal/reflect/ByteVector done
Event: 21.347 Loading class jdk/internal/reflect/ByteVectorImpl done
Event: 21.347 Loading class jdk/internal/reflect/ClassFileAssembler
Event: 21.347 Loading class jdk/internal/reflect/ClassFileAssembler done
Event: 21.347 Loading class jdk/internal/reflect/UTF8
Event: 21.347 Loading class jdk/internal/reflect/UTF8 done
Event: 21.348 Loading class jdk/internal/reflect/Label
Event: 21.348 Loading class jdk/internal/reflect/Label done
Event: 21.348 Loading class jdk/internal/reflect/Label$PatchInfo
Event: 21.348 Loading class jdk/internal/reflect/Label$PatchInfo done
Event: 21.348 Loading class jdk/internal/reflect/MethodAccessorGenerator$1
Event: 21.348 Loading class jdk/internal/reflect/MethodAccessorGenerator$1 done
Event: 21.348 Loading class jdk/internal/reflect/ClassDefiner
Event: 21.348 Loading class jdk/internal/reflect/ClassDefiner done
Event: 21.348 Loading class jdk/internal/reflect/ClassDefiner$1
Event: 21.348 Loading class jdk/internal/reflect/ClassDefiner$1 done

Classes unloaded (0 events):
No events

Classes redefined (0 events):
No events

Internal exceptions (20 events):
Event: 0.384 Thread 0x000002082f945510 Exception <a 'java/lang/NoClassDefFoundError'{0x00000000ffb2df10}: org/slf4j/impl/StaticMarkerBinder> (0x00000000ffb2df10) 
thrown [s\open\src\hotspot\share\classfile\systemDictionary.cpp, line 244]
Event: 0.390 Thread 0x000002082f945510 Exception <a 'java/lang/NoSuchMethodError'{0x00000000ffb9bfe8}: 'java.lang.Object java.lang.invoke.DirectMethodHandle$Holder.invokeVirtual(java.lang.Object, java.lang.Object, java.lang.Object)'> (0x00000000ffb9bfe8) 
thrown [s\open\src\hotspot\share\interpreter\linkResolver.cpp, line 774]
Event: 0.393 Thread 0x000002082f945510 Exception <a 'java/lang/NoSuchMethodError'{0x00000000ffbe2918}: 'java.lang.Object java.lang.invoke.DirectMethodHandle$Holder.invokeVirtual(java.lang.Object, java.lang.Object, java.lang.Object, java.lang.Object, java.lang.Object, java.lang.Object, java.lang.Object)'> (0x00000000ffbe2918) 
thrown [s\open\src\hotspot\share\interpreter\linkResolver.cpp, line 774]
Event: 0.395 Thread 0x000002082f945510 Exception <a 'java/lang/NoSuchMethodError'{0x00000000ffbf6678}: 'java.lang.Object java.lang.invoke.DirectMethodHandle$Holder.invokeStatic(java.lang.Object, java.lang.Object, int)'> (0x00000000ffbf6678) 
thrown [s\open\src\hotspot\share\interpreter\linkResolver.cpp, line 774]
Event: 0.396 Thread 0x000002082f945510 Exception <a 'java/lang/NoSuchMethodError'{0x00000000ffa02860}: 'void java.lang.invoke.DelegatingMethodHandle$Holder.delegate(java.lang.Object, java.lang.Object, int, java.lang.Object)'> (0x00000000ffa02860) 
thrown [s\open\src\hotspot\share\interpreter\linkResolver.cpp, line 774]
Event: 0.396 Thread 0x000002082f945510 Exception <a 'java/lang/NoSuchMethodError'{0x00000000ffa06a40}: 'int java.lang.invoke.DirectMethodHandle$Holder.invokeSpecial(java.lang.Object, java.lang.Object, java.lang.Object)'> (0x00000000ffa06a40) 
thrown [s\open\src\hotspot\share\interpreter\linkResolver.cpp, line 774]
Event: 0.459 Thread 0x000002082f945510 Exception <a 'java/lang/NoSuchMethodError'{0x00000000ff6d86b0}: 'java.lang.Object java.lang.invoke.DirectMethodHandle$Holder.invokeVirtual(java.lang.Object, java.lang.Object, java.lang.Object, java.lang.Object)'> (0x00000000ff6d86b0) 
thrown [s\open\src\hotspot\share\interpreter\linkResolver.cpp, line 774]
Event: 0.466 Thread 0x000002082f945510 Exception <a 'java/lang/NoSuchMethodError'{0x00000000ff56a748}: 'java.lang.Object java.lang.invoke.DirectMethodHandle$Holder.invokeVirtual(java.lang.Object, java.lang.Object, java.lang.Object, java.lang.Object, java.lang.Object, java.lang.Object)'> (0x00000000ff56a748) 
thrown [s\open\src\hotspot\share\interpreter\linkResolver.cpp, line 774]
Event: 0.486 Thread 0x000002082f945510 Implicit null exception at 0x000002083f4ae331 to 0x000002083f4ae59c
Event: 0.498 Thread 0x000002082f945510 Exception <a 'java/lang/NoSuchMethodError'{0x00000000ff258498}: 'java.lang.Object java.lang.invoke.DirectMethodHandle$Holder.invokeStaticInit(java.lang.Object)'> (0x00000000ff258498) 
thrown [s\open\src\hotspot\share\interpreter\linkResolver.cpp, line 774]
Event: 0.511 Thread 0x000002082f945510 Exception <a 'java/lang/NoSuchMethodError'{0x00000000ff2f69d8}: 'int java.lang.invoke.DirectMethodHandle$Holder.invokeVirtual(java.lang.Object, java.lang.Object, java.lang.Object)'> (0x00000000ff2f69d8) 
thrown [s\open\src\hotspot\share\interpreter\linkResolver.cpp, line 774]
Event: 0.531 Thread 0x000002082f945510 Exception <a 'java/lang/NoSuchMethodError'{0x00000000ff092de0}: 'java.lang.Object java.lang.invoke.DirectMethodHandle$Holder.invokeVirtual(java.lang.Object, java.lang.Object, java.lang.Object, java.lang.Object, java.lang.Object)'> (0x00000000ff092de0) 
thrown [s\open\src\hotspot\share\interpreter\linkResolver.cpp, line 774]
Event: 0.532 Thread 0x000002082f945510 Exception <a 'java/lang/NoSuchMethodError'{0x00000000ff0a6d70}: 'java.lang.Object java.lang.invoke.Invokers$Holder.invokeExact_MT(java.lang.Object, java.lang.Object, java.lang.Object, java.lang.Object, java.lang.Object, java.lang.Object)'> (0x00000000ff0a6d70) 
thrown [s\open\src\hotspot\share\interpreter\linkResolver.cpp, line 774]
Event: 0.538 Thread 0x000002082f945510 Exception <a 'java/lang/NoSuchMethodError'{0x00000000fef43ff8}: 'java.lang.Object java.lang.invoke.DirectMethodHandle$Holder.invokeVirtual(java.lang.Object, java.lang.Object, java.lang.Object, java.lang.Object, java.lang.Object, java.lang.Object, java.lang.Object, java.lang.Object)'> (0x00000000fef43ff8) 
thrown [s\open\src\hotspot\share\interpreter\linkResolver.cpp, line 774]
Event: 0.571 Thread 0x000002082f945510 Exception <a 'java/lang/NoSuchMethodError'{0x00000000fec4c5a8}: 'java.lang.Object java.lang.invoke.DirectMethodHandle$Holder.invokeStaticInit(java.lang.Object, int, int, int, int)'> (0x00000000fec4c5a8) 
thrown [s\open\src\hotspot\share\interpreter\linkResolver.cpp, line 774]
Event: 0.594 Thread 0x000002082f945510 Exception <a 'java/lang/NoSuchMethodError'{0x00000000fecac3f0}: 'java.lang.Object java.lang.invoke.DirectMethodHandle$Holder.invokeStaticInit(java.lang.Object, java.lang.Object, int, int, int, int)'> (0x00000000fecac3f0) 
thrown [s\open\src\hotspot\share\interpreter\linkResolver.cpp, line 774]
Event: 0.667 Thread 0x000002082f945510 Implicit null exception at 0x000002083f4803f2 to 0x000002083f4808d4
Event: 0.669 Thread 0x000002082f945510 Exception <a 'java/lang/NoSuchMethodError'{0x00000000feb91ab8}: 'void java.lang.invoke.DirectMethodHandle$Holder.invokeInterface(java.lang.Object, java.lang.Object, java.lang.Object)'> (0x00000000feb91ab8) 
thrown [s\open\src\hotspot\share\interpreter\linkResolver.cpp, line 774]
Event: 21.346 Thread 0x000002082f945510 Exception <a 'java/lang/NoSuchMethodError'{0x00000000ffc356b8}: 'long java.lang.invoke.DirectMethodHandle$Holder.invokeSpecial(java.lang.Object, java.lang.Object)'> (0x00000000ffc356b8) 
thrown [s\open\src\hotspot\share\interpreter\linkResolver.cpp, line 774]
Event: 21.346 Thread 0x000002082f945510 Exception <a 'java/lang/NoSuchMethodError'{0x00000000ffc39128}: 'long java.lang.invoke.Invokers$Holder.invokeExact_MT(java.lang.Object, java.lang.Object)'> (0x00000000ffc39128) 
thrown [s\open\src\hotspot\share\interpreter\linkResolver.cpp, line 774]

VM Operations (20 events):
Event: 0.682 Executing VM operation: HandshakeAllThreads
Event: 0.682 Executing VM operation: HandshakeAllThreads done
Event: 0.703 Executing VM operation: G1CollectForAllocation
Event: 0.705 Executing VM operation: G1CollectForAllocation done
Event: 0.929 Executing VM operation: HandshakeAllThreads
Event: 0.929 Executing VM operation: HandshakeAllThreads done
Event: 1.929 Executing VM operation: Cleanup
Event: 1.929 Executing VM operation: Cleanup done
Event: 2.930 Executing VM operation: Cleanup
Event: 2.930 Executing VM operation: Cleanup done
Event: 4.957 Executing VM operation: Cleanup
Event: 4.957 Executing VM operation: Cleanup done
Event: 9.989 Executing VM operation: Cleanup
Event: 9.989 Executing VM operation: Cleanup done
Event: 15.030 Executing VM operation: Cleanup
Event: 15.030 Executing VM operation: Cleanup done
Event: 20.077 Executing VM operation: Cleanup
Event: 20.077 Executing VM operation: Cleanup done
Event: 21.086 Executing VM operation: Cleanup
Event: 21.086 Executing VM operation: Cleanup done

Events (20 events):
Event: 0.018 Thread 0x000002084a2718c0 Thread added: 0x000002084a2718c0
Event: 0.018 Thread 0x000002084a272800 Thread added: 0x000002084a272800
Event: 0.018 Thread 0x000002084a275470 Thread added: 0x000002084a275470
Event: 0.018 Thread 0x000002084a2792e0 Thread added: 0x000002084a2792e0
Event: 0.018 Thread 0x000002084a280070 Thread added: 0x000002084a280070
Event: 0.026 Thread 0x000002084e577d20 Thread added: 0x000002084e577d20
Event: 0.026 Thread 0x000002084e57a6c0 Thread added: 0x000002084e57a6c0
Event: 0.027 Thread 0x000002084e5b12c0 Thread added: 0x000002084e5b12c0
Event: 0.029 Thread 0x000002084e5ae2f0 Thread added: 0x000002084e5ae2f0
Event: 0.119 Thread 0x000002084e813e90 Thread added: 0x000002084e813e90
Event: 0.226 Thread 0x000002084e8f5f50 Thread added: 0x000002084e8f5f50
Event: 0.358 Thread 0x000002084ee4ec50 Thread added: 0x000002084ee4ec50
Event: 0.428 Thread 0x000002084e5af830 Thread added: 0x000002084e5af830
Event: 0.717 Thread 0x000002084e5b0820 Thread added: 0x000002084e5b0820
Event: 0.719 Thread 0x000002084e5adda0 Thread added: 0x000002084e5adda0
Event: 0.800 Thread 0x000002084e8f5f50 Thread exited: 0x000002084e8f5f50
Event: 0.800 Thread 0x000002084e813e90 Thread exited: 0x000002084e813e90
Event: 3.242 Thread 0x000002084ee4ec50 Thread exited: 0x000002084ee4ec50
Event: 3.928 Thread 0x000002084e57a6c0 Thread exited: 0x000002084e57a6c0
Event: 3.928 Thread 0x000002084e577d20 Thread exited: 0x000002084e577d20


Dynamic libraries:
0x00007ff691db0000 - 0x00007ff691dc0000 	C:\Program Files\Java\jdk-19\bin\java.exe
0x00007ffca5ff0000 - 0x00007ffca6207000 	C:\WINDOWS\SYSTEM32\ntdll.dll
0x00007ffca4f60000 - 0x00007ffca5024000 	C:\WINDOWS\System32\KERNEL32.DLL
0x00007ffca3450000 - 0x00007ffca3807000 	C:\WINDOWS\System32\KERNELBASE.dll
0x00007ffca38b0000 - 0x00007ffca39c1000 	C:\WINDOWS\System32\ucrtbase.dll
0x00007ffc79350000 - 0x00007ffc79368000 	C:\Program Files\Java\jdk-19\bin\jli.dll
0x00007ffc79370000 - 0x00007ffc7938b000 	C:\Program Files\Java\jdk-19\bin\VCRUNTIME140.dll
0x00007ffca4a80000 - 0x00007ffca4b32000 	C:\WINDOWS\System32\ADVAPI32.dll
0x00007ffca3d20000 - 0x00007ffca3dc7000 	C:\WINDOWS\System32\msvcrt.dll
0x00007ffca4d00000 - 0x00007ffca4da8000 	C:\WINDOWS\System32\sechost.dll
0x00007ffca3c00000 - 0x00007ffca3c28000 	C:\WINDOWS\System32\bcrypt.dll
0x00007ffca5e70000 - 0x00007ffca5f84000 	C:\WINDOWS\System32\RPCRT4.dll
0x00007ffca5530000 - 0x00007ffca56df000 	C:\WINDOWS\System32\USER32.dll
0x00007ffca3420000 - 0x00007ffca3446000 	C:\WINDOWS\System32\win32u.dll
0x00007ffc8bc60000 - 0x00007ffc8bef3000 	C:\WINDOWS\WinSxS\amd64_microsoft.windows.common-controls_6595b64144ccf1df_6.0.22621.3672_none_2713b9d173822955\COMCTL32.dll
0x00007ffca56e0000 - 0x00007ffca5709000 	C:\WINDOWS\System32\GDI32.dll
0x00007ffca3300000 - 0x00007ffca3418000 	C:\WINDOWS\System32\gdi32full.dll
0x00007ffca3810000 - 0x00007ffca38aa000 	C:\WINDOWS\System32\msvcp_win.dll
0x00007ffc99800000 - 0x00007ffc9980a000 	C:\WINDOWS\SYSTEM32\VERSION.dll
0x00007ffca4f20000 - 0x00007ffca4f51000 	C:\WINDOWS\System32\IMM32.DLL
0x00007ffc79a30000 - 0x00007ffc79a3c000 	C:\Program Files\Java\jdk-19\bin\vcruntime140_1.dll
0x00007ffc61e30000 - 0x00007ffc61ebe000 	C:\Program Files\Java\jdk-19\bin\msvcp140.dll
0x00007ffc86440000 - 0x00007ffc87100000 	C:\Program Files\Java\jdk-19\bin\server\jvm.dll
0x00007ffc85d70000 - 0x00007ffc85d79000 	C:\WINDOWS\SYSTEM32\WSOCK32.dll
0x00007ffc9a230000 - 0x00007ffc9a264000 	C:\WINDOWS\SYSTEM32\WINMM.dll
0x00007ffca4ea0000 - 0x00007ffca4f11000 	C:\WINDOWS\System32\WS2_32.dll
0x00007ffca2350000 - 0x00007ffca2368000 	C:\WINDOWS\SYSTEM32\kernel.appcore.dll
0x00007ffc85200000 - 0x00007ffc8520a000 	C:\Program Files\Java\jdk-19\bin\jimage.dll
0x00007ffca0ee0000 - 0x00007ffca1112000 	C:\WINDOWS\SYSTEM32\DBGHELP.DLL
0x00007ffca59f0000 - 0x00007ffca5d7e000 	C:\WINDOWS\System32\combase.dll
0x00007ffca4db0000 - 0x00007ffca4e87000 	C:\WINDOWS\System32\OLEAUT32.dll
0x00007ffc83d80000 - 0x00007ffc83db2000 	C:\WINDOWS\SYSTEM32\dbgcore.DLL
0x00007ffca3ca0000 - 0x00007ffca3d1b000 	C:\WINDOWS\System32\bcryptPrimitives.dll
0x00007ffc845a0000 - 0x00007ffc845c6000 	C:\Program Files\Java\jdk-19\bin\java.dll
0x00007ffc7dba0000 - 0x00007ffc7dc77000 	C:\Program Files\Java\jdk-19\bin\jsvml.dll
0x00007ffca4080000 - 0x00007ffca48e9000 	C:\WINDOWS\System32\SHELL32.dll
0x00007ffca1280000 - 0x00007ffca1b7f000 	C:\WINDOWS\SYSTEM32\windows.storage.dll
0x00007ffca1140000 - 0x00007ffca127f000 	C:\WINDOWS\SYSTEM32\wintypes.dll
0x00007ffca3dd0000 - 0x00007ffca3ec9000 	C:\WINDOWS\System32\SHCORE.dll
0x00007ffca5820000 - 0x00007ffca587e000 	C:\WINDOWS\System32\shlwapi.dll
0x00007ffca3230000 - 0x00007ffca3257000 	C:\WINDOWS\SYSTEM32\profapi.dll
0x00007ffc7a580000 - 0x00007ffc7a593000 	C:\Program Files\Java\jdk-19\bin\net.dll
0x00007ffc99f40000 - 0x00007ffc9a076000 	C:\WINDOWS\SYSTEM32\WINHTTP.dll
0x00007ffca28b0000 - 0x00007ffca2919000 	C:\WINDOWS\system32\mswsock.dll
0x00007ffc7a380000 - 0x00007ffc7a396000 	C:\Program Files\Java\jdk-19\bin\nio.dll
0x00007ffc841b0000 - 0x00007ffc841c8000 	C:\Program Files\Java\jdk-19\bin\zip.dll
0x00007ffc71ce0000 - 0x00007ffc71cf0000 	C:\Program Files\Java\jdk-19\bin\verify.dll
0x00007ffc7a1b0000 - 0x00007ffc7a1d7000 	C:\Users\Lenovo\.gradle\native\c067742578af261105cb4f569cf0c3c89f3d7b1fecec35dd04571415982c5e48\windows-amd64\native-platform.dll
0x00007ffc9c2f0000 - 0x00007ffc9c2fa000 	C:\Users\Lenovo\.gradle\native\jansi\1.18\windows64\jansi.dll
0x00007ffc70a40000 - 0x00007ffc70a4a000 	C:\Program Files\Java\jdk-19\bin\management.dll
0x00007ffc70810000 - 0x00007ffc7081b000 	C:\Program Files\Java\jdk-19\bin\management_ext.dll
0x00007ffca48f0000 - 0x00007ffca48f8000 	C:\WINDOWS\System32\PSAPI.DLL
0x00007ffca2b00000 - 0x00007ffca2b1b000 	C:\WINDOWS\SYSTEM32\CRYPTSP.dll
0x00007ffca23c0000 - 0x00007ffca23f5000 	C:\WINDOWS\system32\rsaenh.dll
0x00007ffca29a0000 - 0x00007ffca29c8000 	C:\WINDOWS\SYSTEM32\USERENV.dll
0x00007ffca2b20000 - 0x00007ffca2b2c000 	C:\WINDOWS\SYSTEM32\CRYPTBASE.dll
0x00007ffca1e50000 - 0x00007ffca1e7d000 	C:\WINDOWS\SYSTEM32\IPHLPAPI.DLL
0x00007ffca59e0000 - 0x00007ffca59e9000 	C:\WINDOWS\System32\NSI.dll
0x00007ffc9a270000 - 0x00007ffc9a289000 	C:\WINDOWS\SYSTEM32\dhcpcsvc6.DLL
0x00007ffc9a0a0000 - 0x00007ffc9a0bf000 	C:\WINDOWS\SYSTEM32\dhcpcsvc.DLL
0x00007ffca1ec0000 - 0x00007ffca1fc2000 	C:\WINDOWS\SYSTEM32\DNSAPI.dll
0x00007ffc6d810000 - 0x00007ffc6d818000 	C:\Program Files\Java\jdk-19\bin\extnet.dll
0x00007ffc840e0000 - 0x00007ffc840ee000 	C:\Program Files\Java\jdk-19\bin\sunmscapi.dll
0x00007ffca39d0000 - 0x00007ffca3b36000 	C:\WINDOWS\System32\CRYPT32.dll
0x00007ffca2ca0000 - 0x00007ffca2ccd000 	C:\WINDOWS\SYSTEM32\ncrypt.dll
0x00007ffca2c60000 - 0x00007ffca2c97000 	C:\WINDOWS\SYSTEM32\NTASN1.dll
0x00007ffc5b6e0000 - 0x00007ffc5b6e8000 	C:\WINDOWS\system32\wshunix.dll

dbghelp: loaded successfully - version: 4.0.5 - missing functions: none
symbol engine: initialized successfully - sym options: 0x614 - pdb path: .;C:\Program Files\Java\jdk-19\bin;C:\WINDOWS\SYSTEM32;C:\WINDOWS\WinSxS\amd64_microsoft.windows.common-controls_6595b64144ccf1df_6.0.22621.3672_none_2713b9d173822955;C:\Program Files\Java\jdk-19\bin\server;C:\Users\Lenovo\.gradle\native\c067742578af261105cb4f569cf0c3c89f3d7b1fecec35dd04571415982c5e48\windows-amd64;C:\Users\Lenovo\.gradle\native\jansi\1.18\windows64

VM Arguments:
jvm_args: -Xmx64m -Xms64m -Dorg.gradle.appname=gradlew 
java_command: org.gradle.wrapper.GradleWrapperMain app:installDebug -PreactNativeDevServerPort=8081
java_class_path (initial): D:\PGPBL 7\AwesomeProject\android\\gradle\wrapper\gradle-wrapper.jar
Launcher Type: SUN_STANDARD

[Global flags]
     intx CICompilerCount                          = 12                                        {product} {ergonomic}
     uint ConcGCThreads                            = 3                                         {product} {ergonomic}
     uint G1ConcRefinementThreads                  = 13                                        {product} {ergonomic}
   size_t G1HeapRegionSize                         = 1048576                                   {product} {ergonomic}
    uintx GCDrainStackTargetSize                   = 64                                        {product} {ergonomic}
   size_t InitialHeapSize                          = 67108864                                  {product} {command line}
   size_t MarkStackSize                            = 4194304                                   {product} {ergonomic}
   size_t MaxHeapSize                              = 67108864                                  {product} {command line}
   size_t MaxNewSize                               = 39845888                                  {product} {ergonomic}
   size_t MinHeapDeltaBytes                        = 1048576                                   {product} {ergonomic}
   size_t MinHeapSize                              = 67108864                                  {product} {command line}
    uintx NonNMethodCodeHeapSize                   = 7602480                                {pd product} {ergonomic}
    uintx NonProfiledCodeHeapSize                  = 122027880                              {pd product} {ergonomic}
    uintx ProfiledCodeHeapSize                     = 122027880                              {pd product} {ergonomic}
    uintx ReservedCodeCacheSize                    = 251658240                              {pd product} {ergonomic}
     bool SegmentedCodeCache                       = true                                      {product} {ergonomic}
   size_t SoftMaxHeapSize                          = 67108864                               {manageable} {ergonomic}
     bool UseCompressedClassPointers               = true                           {product lp64_product} {ergonomic}
     bool UseCompressedOops                        = true                           {product lp64_product} {ergonomic}
     bool UseG1GC                                  = true                                      {product} {ergonomic}
     bool UseLargePagesIndividualAllocation        = false                                  {pd product} {ergonomic}

Logging:
Log output configuration:
 #0: stdout all=warning uptime,level,tags foldmultilines=false
 #1: stderr all=off uptime,level,tags foldmultilines=false

Environment Variables:
JAVA_HOME=C:\Program Files\Java\jdk-19
CLASSPATH=D:\PGPBL 7\AwesomeProject\android\\gradle\wrapper\gradle-wrapper.jar
PATH=D:\PGPBL 7\AwesomeProject\node_modules\.bin;D:\PGPBL 7\AwesomeProject\node_modules\.bin;D:\PGPBL 7\node_modules\.bin;D:\node_modules\.bin;C:\Users\Lenovo\AppData\Roaming\npm\node_modules\npm\node_modules\@npmcli\run-script\lib\node-gyp-bin;C:\Program Files\NVIDIA GPU Computing Toolkit\CUDA\v12.6\bin;C:\Program Files\NVIDIA GPU Computing Toolkit\CUDA\v12.6\libnvvp;C:\Program Files\Common Files\Oracle\Java\javapath;C:\Program Files (x86)\Common Files\Oracle\Java\javapath;C:\Windows\system32;C:\Windows;C:\Windows\System32\Wbem;C:\Windows\System32\WindowsPowerShell\v1.0\;C:\Windows\System32\OpenSSH\;C:\Program Files (x86)\NVIDIA Corporation\PhysX\Common;C:\Program Files\Microsoft SQL Server\130\Tools\Binn\;C:\Program Files\NVIDIA Corporation\NVIDIA NvDLISR;D:\Git\Git\cmd;C:\Anaconda3;C:\Anaconda3\Scripts;C:\xampp\php;C:\ProgramData\ComposerSetup\bin;C:\Program Files\nodejs\;C:\WINDOWS\system32;C:\WINDOWS;C:\WINDOWS\System32\Wbem;C:\WINDOWS\System32\WindowsPowerShell\v1.0\;C:\WINDOWS\System32\OpenSSH\;C:\Program Files\NVIDIA Corporation\Nsight Compute 2024.3.0\;C:\Users\Lenovo\AppData\Local\Programs\Python\Python311\Scripts\;C:\Users\Lenovo\AppData\Local\Programs\Python\Python311\;C:\Users\Lenovo\AppData\Local\Microsoft\WindowsApps;C:\Users\Lenovo\AppData\Local\Programs\Microsoft VS Code\bin;C:\Python27\ArcGIS10.8\Scripts;C:\Python27\ArcGIS10.8\Lib;C:\Users\Lenovo\AppData\Roaming\Composer\vendor\bin;C:\Users\Lenovo\AppData\Roaming\npm;
USERNAME=Lenovo
LANG=en_US.UTF-8
OS=Windows_NT
PROCESSOR_IDENTIFIER=AMD64 Family 25 Model 80 Stepping 0, AuthenticAMD
TMP=C:\Users\Lenovo\AppData\Local\Temp
TEMP=C:\Users\Lenovo\AppData\Local\Temp



---------------  S Y S T E M  ---------------

OS:
 Windows 11 , 64 bit Build 22621 (10.0.22621.3958)
OS uptime: 0 days 1:40 hours

CPU: total 16 (initial active 16) (16 cores per cpu, 2 threads per core) family 25 model 80 stepping 0 microcode 0x0, cx8, cmov, fxsr, ht, mmx, 3dnowpref, sse, sse2, sse3, ssse3, sse4a, sse4.1, sse4.2, popcnt, lzcnt, tsc, tscinvbit, avx, avx2, aes, erms, clmul, bmi1, bmi2, adx, sha, fma, vzeroupper, clflush, clflushopt, rdtscp, rdpid, fsrm

Memory: 4k page, system-wide physical 14188M (3416M free)
TotalPageFile size 15602M (AvailPageFile size 5M)
current process WorkingSet (physical memory assigned to process): 99M, peak: 102M
current process commit charge ("private bytes"): 179M, peak: 183M

vm_info: Java HotSpot(TM) 64-Bit Server VM (19.0.1+10-21) for windows-amd64 JRE (19.0.1+10-21), built on 2022-09-14T12:45:06Z by "mach5one" with MS VC++ 17.1 (VS2022)

END.
